info: connectToMongo(): Connecting to MongoDB...
info: Starting up the API server...
info: API server listening on port 3000
info: connectToMongo(): Connected to MongoDB
info: req{}
info: authorizeUser: Authorizing user...
info: authorizeUser: Auth received eyJhbGciOiJIUzI1NiIsInR5cCI6IkpXVCJ9.eyJkYXRhIjp7IlVzZXIiOnsibmFtZSI6ImVjZTMwODYxZGVmYXVsdGFkbWludXNlciIsImlzQWRtaW4iOnRydWUsImlzU2VhcmNoIjp0cnVlLCJpc0Rvd25sb2FkIjp0cnVlLCJpc1VwbG9hZCI6dHJ1ZX0sIlNlY3JldCI6eyJwYXNzd29yZCI6ImNvcnJlY3Rob3JzZWJhdHRlcnlzdGFwbGUxMjMoIV9fK0AqKihBJ1wiYDtEUk9QIFRBQkxFIHBhY2thZ2VzOyJ9fSwiaWF0IjoxNjgzMTY4NDEyLCJleHAiOjE2ODMyMDQ0MTJ9.qxBrRpnm2uz_bbDacPeflnczwy_FRRrNyxb6Ekl7dp0
info: auth success
info: GET /package/:id/rate
info: GET /package/:id/rate: Package already rated, returning existing rating
info: req{}
info: authorizeUser: Authorizing user...
info: authorizeUser: Auth received eyJhbGciOiJIUzI1NiIsInR5cCI6IkpXVCJ9.eyJkYXRhIjp7IlVzZXIiOnsibmFtZSI6ImVjZTMwODYxZGVmYXVsdGFkbWludXNlciIsImlzQWRtaW4iOnRydWUsImlzU2VhcmNoIjp0cnVlLCJpc0Rvd25sb2FkIjp0cnVlLCJpc1VwbG9hZCI6dHJ1ZX0sIlNlY3JldCI6eyJwYXNzd29yZCI6ImNvcnJlY3Rob3JzZWJhdHRlcnlzdGFwbGUxMjMoIV9fK0AqKihBJ1wiYDtEUk9QIFRBQkxFIHBhY2thZ2VzOyJ9fSwiaWF0IjoxNjgzMTY4NDEyLCJleHAiOjE2ODMyMDQ0MTJ9.qxBrRpnm2uz_bbDacPeflnczwy_FRRrNyxb6Ekl7dp0
info: auth success
info: GET /package/:id/rate
info: ratePackage: Running rate script on url https://github.com/davisjam/safe-regex...
info: Running rate script on https://github.com/davisjam/safe-regex...
info: Rate: Getting pinned metric...
info: Rate: got pinned metric of 0.5 for safe-regex and netscore is 0.05
info: Rate: Getting percentage of comments...
info: Rate: got percentage of comments (ramp up) score of 0.5066 with a percentage of 10.66 and net score of 0.15132
info: Rate: Getting issues metric (correctness)...
info: Rate: Got issues (correctness) metric of 0 and netscore of 0.15132
info: Rate: Getting contributors metric (bus factor)...
info: Rate: Got contributors (bus factor) metric of 0 and netscore of 0.15132
info: Rate: Getting forks (responsiveness) of the repo...
info: Rate: Got forks metric of 0netscore is now 0.15132
info: Rate: Getting license...
info: Rate: Got license score 1, netscore is now 0.15132
info: Rate: Getting engr...
info: Rate: Got engr score 0.08, netscore is now 0.35532
info: Rate: Removing repo...
info: ratePackage: Package received rating 0.36
info: verify: Verifying object against schema...
info: GET /package/:id/rate: Saving rating: {
  NetScore: 0.36,
  BusFactor: 0,
  Correctness: 0,
  RampUp: 0.5066,
  ResponsiveMaintainer: 0,
  LicenseScore: 1,
  GoodPinningPractice: 0.36,
  GoodEngineeringPractice: 0.08,
  _id: new ObjectId("645310cc1daffe4ed638018c")
}
info: req{}
info: authorizeUser: Authorizing user...
info: authorizeUser: Auth received eyJhbGciOiJIUzI1NiIsInR5cCI6IkpXVCJ9.eyJkYXRhIjp7IlVzZXIiOnsibmFtZSI6ImVjZTMwODYxZGVmYXVsdGFkbWludXNlciIsImlzQWRtaW4iOnRydWUsImlzU2VhcmNoIjp0cnVlLCJpc0Rvd25sb2FkIjp0cnVlLCJpc1VwbG9hZCI6dHJ1ZX0sIlNlY3JldCI6eyJwYXNzd29yZCI6ImNvcnJlY3Rob3JzZWJhdHRlcnlzdGFwbGUxMjMoIV9fK0AqKihBJ1wiYDtEUk9QIFRBQkxFIHBhY2thZ2VzOyJ9fSwiaWF0IjoxNjgzMTY4NDEyLCJleHAiOjE2ODMyMDQ0MTJ9.qxBrRpnm2uz_bbDacPeflnczwy_FRRrNyxb6Ekl7dp0
info: auth success
info: GET /package/:id/rate
info: ratePackage: Running rate script on url https://github.com/taylorhakes/fecha...
info: Running rate script on https://github.com/taylorhakes/fecha...
info: Rate: Getting pinned metric...
info: Rate: got pinned metric of 1 for fecha and netscore is 0.1
info: Rate: Getting percentage of comments...
info: Rate: got percentage of comments (ramp up) score of 0.4277 with a percentage of 2.77 and net score of 0.18554
info: Rate: Getting issues metric (correctness)...
info: Rate: Got issues (correctness) metric of 0 and netscore of 0.18554
info: Rate: Getting contributors metric (bus factor)...
info: Rate: Got contributors (bus factor) metric of 0 and netscore of 0.18554
info: Rate: Getting forks (responsiveness) of the repo...
info: Rate: Got forks metric of 0.5netscore is now 0.23554000000000003
info: Rate: Getting license...
info: Rate: Got license score 1, netscore is now 0.23554000000000003
info: Rate: Getting engr...
info: Rate: Got engr score 0, netscore is now 0.43554000000000004
info: Rate: Removing repo...
info: ratePackage: Package received rating 0.44
info: verify: Verifying object against schema...
info: GET /package/:id/rate: Saving rating: {
  NetScore: 0.44,
  BusFactor: 0,
  Correctness: 0,
  RampUp: 0.4277,
  ResponsiveMaintainer: 0.5,
  LicenseScore: 1,
  GoodPinningPractice: 0.44,
  GoodEngineeringPractice: 0,
  _id: new ObjectId("645315790189624bde332a7d")
}
