info: connectToMongo(): Connecting to MongoDB...
info: Starting up the API server...
info: API server listening on port 3000
info: connectToMongo(): Connected to MongoDB
info: req{}
info: authorizeUser: Authorizing user...
info: authorizeUser: Auth received eyJhbGciOiJIUzI1NiIsInR5cCI6IkpXVCJ9.eyJkYXRhIjp7IlVzZXIiOnsibmFtZSI6ImVjZTMwODYxZGVmYXVsdGFkbWludXNlciIsImlzQWRtaW4iOnRydWUsImlzU2VhcmNoIjp0cnVlLCJpc0Rvd25sb2FkIjp0cnVlLCJpc1VwbG9hZCI6dHJ1ZX0sIlNlY3JldCI6eyJwYXNzd29yZCI6ImNvcnJlY3Rob3JzZWJhdHRlcnlzdGFwbGUxMjMoIV9fK0AqKihBJ1wiYDtEUk9QIFRBQkxFIHBhY2thZ2VzOyJ9fSwiaWF0IjoxNjgyODM3ODQxLCJleHAiOjE2ODI4NzM4NDF9.iIB_KRkMey2sKjZVxder9WvsCeqVHTq3UqWynNQZjKE
debug: authorizeUser: error: TokenExpiredError: jwt expired
info: req{}
info: authorizeUser: Authorizing user...
info: authorizeUser: Auth received eyJhbGciOiJIUzI1NiIsInR5cCI6IkpXVCJ9.eyJkYXRhIjp7IlVzZXIiOnsibmFtZSI6ImVjZTMwODYxZGVmYXVsdGFkbWludXNlciIsImlzQWRtaW4iOnRydWUsImlzU2VhcmNoIjp0cnVlLCJpc0Rvd25sb2FkIjp0cnVlLCJpc1VwbG9hZCI6dHJ1ZX0sIlNlY3JldCI6eyJwYXNzd29yZCI6ImNvcnJlY3Rob3JzZWJhdHRlcnlzdGFwbGUxMjMoIV9fK0AqKihBJ1wiYDtEUk9QIFRBQkxFIHBhY2thZ2VzOyJ9fSwiaWF0IjoxNjgzMTY4NDEyLCJleHAiOjE2ODMyMDQ0MTJ9.qxBrRpnm2uz_bbDacPeflnczwy_FRRrNyxb6Ekl7dp0
info: auth success
info: GET /package/:id/rate
info: GET /package/:id/rate: Package already rated, returning existing rating
info: health check: server is up!
info: req{}
info: authorizeUser: Authorizing user...
info: authorizeUser: Auth received eyJhbGciOiJIUzI1NiIsInR5cCI6IkpXVCJ9.eyJkYXRhIjp7IlVzZXIiOnsibmFtZSI6ImVjZTMwODYxZGVmYXVsdGFkbWludXNlciIsImlzQWRtaW4iOnRydWUsImlzU2VhcmNoIjp0cnVlLCJpc0Rvd25sb2FkIjp0cnVlLCJpc1VwbG9hZCI6dHJ1ZX0sIlNlY3JldCI6eyJwYXNzd29yZCI6ImNvcnJlY3Rob3JzZWJhdHRlcnlzdGFwbGUxMjMoIV9fK0AqKihBJ1wiYDtEUk9QIFRBQkxFIHBhY2thZ2VzOyJ9fSwiaWF0IjoxNjgzMTY4NDEyLCJleHAiOjE2ODMyMDQ0MTJ9.qxBrRpnm2uz_bbDacPeflnczwy_FRRrNyxb6Ekl7dp0
info: auth success
info: GET /package/:id/rate
info: ratePackage: Running rate script on url https://github.com/davisjam/safe-regex...
info: Running rate script...
info: ratePackage: Package received rating 1
info: verify: Verifying object against schema...
info: GET /package/:id/rate: Saving rating: {
  NetScore: 1,
  BusFactor: 0,
  Correctness: 0,
  RampUp: 0.3577,
  ResponsiveMaintainer: 0.5,
  LicenseScore: 1,
  GoodPinningPractice: 0.2,
  GoodEngineeringPractice: 0,
  _id: new ObjectId("645310cc1daffe4ed638018c")
}
info: Rate: Getting pinned metric...
info: Rate: got pinned metric of 0.5 for safe-regexand netscore is 0.05
info: Rate: Getting percentage of comments...
error: Command failed: cloc --by-percent cm --sum-one --yaml "safe-regex"
/bin/sh: 1: cloc: not found
 {"output":[null,{"data":[],"type":"Buffer"},{"data":[47,98,105,110,47,115,104,58,32,49,58,32,99,108,111,99,58,32,110,111,116,32,102,111,117,110,100,10],"type":"Buffer"}],"pid":328120,"signal":null,"status":127,"stderr":{"data":[47,98,105,110,47,115,104,58,32,49,58,32,99,108,111,99,58,32,110,111,116,32,102,111,117,110,100,10],"type":"Buffer"},"stdout":{"data":[],"type":"Buffer"}}
info: Rate: Getting issues metric (correctness)...
error: Python script exited with code 1
info: Rate: Getting contributors metric (bus factor)...
error: Python script exited with code 1
info: Rate: Getting forks (responsiveness) of the repo...
error: Python script exited with code 1
info: Rate: Getting license...
info: Rate: Got license score 1, netscore is now 0.05
info: Rate: Getting engr...
error: Python script exited with code 1
info: Rate: Removing repo...
