info: connectToMongo(): Connecting to MongoDB...
info: Starting up the API server...
info: API server listening on port 3000
info: connectToMongo(): Connected to MongoDB
info: health check: server is up!
info: req{"User":{"name":"ece30861defaultadminuser","isAdmin":true,"isSearch":true,"isDownload":true,"isUpload":true},"Secret":{"password":"correcthorsebatterystaple123(!__+@**(A'\"`;DROP TABLE packages;"}}
info: authorizeUser: Authorizing user...
info: authorizeUser: Auth received 
info: authorizeUser: auth success
info: PUT /authenticate
info: Auth data: {"User":{"name":"ece30861defaultadminuser","isAdmin":true,"isSearch":true,"isDownload":true,"isUpload":true},"Secret":{"password":"correcthorsebatterystaple123(!__+@**(A'\"`;DROP TABLE packages;"}}
info: Authentication successful
info: req{}
info: authorizeUser: Authorizing user...
info: authorizeUser: Auth received eyJhbGciOiJIUzI1NiIsInR5cCI6IkpXVCJ9.eyJkYXRhIjp7IlVzZXIiOnsibmFtZSI6ImVjZTMwODYxZGVmYXVsdGFkbWludXNlciIsImlzQWRtaW4iOnRydWUsImlzU2VhcmNoIjp0cnVlLCJpc0Rvd25sb2FkIjp0cnVlLCJpc1VwbG9hZCI6dHJ1ZX0sIlNlY3JldCI6eyJwYXNzd29yZCI6ImNvcnJlY3Rob3JzZWJhdHRlcnlzdGFwbGUxMjMoIV9fK0AqKihBJ1wiYDtEUk9QIFRBQkxFIHBhY2thZ2VzOyJ9fSwiaWF0IjoxNjgzMTY4NDEyLCJleHAiOjE2ODMyMDQ0MTJ9.qxBrRpnm2uz_bbDacPeflnczwy_FRRrNyxb6Ekl7dp0
info: auth success
info: GET /package/:id/rate
info: ratePackage: Running rate script on url https://github.com/davisjam/safe-regex...
info: Running rate script...
info: ratePackage: Package received rating 1
info: verify: Verifying object against schema...
info: GET /package/:id/rate: Saving rating: {
  NetScore: 1,
  BusFactor: 0,
  Correctness: 0,
  RampUp: 0.3577,
  ResponsiveMaintainer: 0.5,
  LicenseScore: 1,
  GoodPinningPractice: 0.2,
  GoodEngineeringPractice: 0,
  _id: new ObjectId("645310cc1daffe4ed638018c")
}
info: Rate: Getting pinned metric...
info: Rate: got pinned metric of 0.5 for safe-regexand netscore is 0.05
